main.obj : error LNK2019: unresolved external symbol _snrm2_ referenced in function "double __cdecl arma::blas::nrm2<double>(unsigned int,double const *)" (??$nrm2@N@blas@arma@@YANIPBN@Z)
main.obj : error LNK2019: unresolved external symbol _dnrm2_ referenced in function "double __cdecl arma::blas::nrm2<double>(unsigned int,double const *)" (??$nrm2@N@blas@arma@@YANIPBN@Z)
main.obj : error LNK2019: unresolved external symbol _sdot_ referenced in function "double __cdecl arma::blas::dot<double>(unsigned int,double const *,double const *)" (??$dot@N@blas@arma@@YANIPBN0@Z)
main.obj : error LNK2019: unresolved external symbol _ddot_ referenced in function "double __cdecl arma::blas::dot<double>(unsigned int,double const *,double const *)" (??$dot@N@blas@arma@@YANIPBN0@Z)
main.obj : error LNK2019: unresolved external symbol _sgemv_ referenced in function "void __cdecl arma::blas::gemv<double>(char const *,int const *,int const *,double const *,double const *,int const *,double const *,int const *,double const *,double *,int const *)" (??$gemv@N@blas@arma@@YAXPBDPBH1PBN21212PAN1@Z)
main.obj : error LNK2019: unresolved external symbol _dgemv_ referenced in function "void __cdecl arma::blas::gemv<double>(char const *,int const *,int const *,double const *,double const *,int const *,double const *,int const *,double const *,double *,int const *)" (??$gemv@N@blas@arma@@YAXPBDPBH1PBN21212PAN1@Z)
main.obj : error LNK2019: unresolved external symbol _cgemv_ referenced in function "void __cdecl arma::blas::gemv<double>(char const *,int const *,int const *,double const *,double const *,int const *,double const *,int const *,double const *,double *,int const *)" (??$gemv@N@blas@arma@@YAXPBDPBH1PBN21212PAN1@Z)
main.obj : error LNK2019: unresolved external symbol _zgemv_ referenced in function "void __cdecl arma::blas::gemv<double>(char const *,int const *,int const *,double const *,double const *,int const *,double const *,int const *,double const *,double *,int const *)" (??$gemv@N@blas@arma@@YAXPBDPBH1PBN21212PAN1@Z)
main.obj : error LNK2019: unresolved external symbol _sgemm_ referenced in function "void __cdecl arma::blas::gemm<double>(char const *,char const *,int const *,int const *,int const *,double const *,double const *,int const *,double const *,int const *,double const *,double *,int const *)" (??$gemm@N@blas@arma@@YAXPBD0PBH11PBN21212PAN1@Z)
main.obj : error LNK2019: unresolved external symbol _dgemm_ referenced in function "void __cdecl arma::blas::gemm<double>(char const *,char const *,int const *,int const *,int const *,double const *,double const *,int const *,double const *,int const *,double const *,double *,int const *)" (??$gemm@N@blas@arma@@YAXPBD0PBH11PBN21212PAN1@Z)
main.obj : error LNK2019: unresolved external symbol _cgemm_ referenced in function "void __cdecl arma::blas::gemm<double>(char const *,char const *,int const *,int const *,int const *,double const *,double const *,int const *,double const *,int const *,double const *,double *,int const *)" (??$gemm@N@blas@arma@@YAXPBD0PBH11PBN21212PAN1@Z)
main.obj : error LNK2019: unresolved external symbol _zgemm_ referenced in function "void __cdecl arma::blas::gemm<double>(char const *,char const *,int const *,int const *,int const *,double const *,double const *,int const *,double const *,int const *,double const *,double *,int const *)" (??$gemm@N@blas@arma@@YAXPBD0PBH11PBN21212PAN1@Z)
main.obj : error LNK2019: unresolved external symbol _ssyrk_ referenced in function "void __cdecl arma::blas::syrk<double>(char const *,char const *,int const *,int const *,double const *,double const *,int const *,double const *,double *,int const *)" (??$syrk@N@blas@arma@@YAXPBD0PBH1PBN212PAN1@Z)
main.obj : error LNK2019: unresolved external symbol _dsyrk_ referenced in function "void __cdecl arma::blas::syrk<double>(char const *,char const *,int const *,int const *,double const *,double const *,int const *,double const *,double *,int const *)" (??$syrk@N@blas@arma@@YAXPBD0PBH1PBN212PAN1@Z)
main.obj : error LNK2019: unresolved external symbol _sgetrf_ referenced in function "void __cdecl arma::lapack::getrf<double>(int *,int *,double *,int *,int *,int *)" (??$getrf@N@lapack@arma@@YAXPAH0PAN000@Z)
main.obj : error LNK2019: unresolved external symbol _dgetrf_ referenced in function "void __cdecl arma::lapack::getrf<double>(int *,int *,double *,int *,int *,int *)" (??$getrf@N@lapack@arma@@YAXPAH0PAN000@Z)
main.obj : error LNK2019: unresolved external symbol _cgetrf_ referenced in function "void __cdecl arma::lapack::getrf<double>(int *,int *,double *,int *,int *,int *)" (??$getrf@N@lapack@arma@@YAXPAH0PAN000@Z)
main.obj : error LNK2019: unresolved external symbol _zgetrf_ referenced in function "void __cdecl arma::lapack::getrf<double>(int *,int *,double *,int *,int *,int *)" (??$getrf@N@lapack@arma@@YAXPAH0PAN000@Z)
main.obj : error LNK2019: unresolved external symbol _sgesv_ referenced in function "void __cdecl arma::lapack::gesv<double>(int *,int *,double *,int *,int *,double *,int *,int *)" (??$gesv@N@lapack@arma@@YAXPAH0PAN00100@Z)
main.obj : error LNK2019: unresolved external symbol _dgesv_ referenced in function "void __cdecl arma::lapack::gesv<double>(int *,int *,double *,int *,int *,double *,int *,int *)" (??$gesv@N@lapack@arma@@YAXPAH0PAN00100@Z)
main.obj : error LNK2019: unresolved external symbol _cgesv_ referenced in function "void __cdecl arma::lapack::gesv<double>(int *,int *,double *,int *,int *,double *,int *,int *)" (??$gesv@N@lapack@arma@@YAXPAH0PAN00100@Z)
main.obj : error LNK2019: unresolved external symbol _zgesv_ referenced in function "void __cdecl arma::lapack::gesv<double>(int *,int *,double *,int *,int *,double *,int *,int *)" (??$gesv@N@lapack@arma@@YAXPAH0PAN00100@Z)
main.obj : error LNK2019: unresolved external symbol _sgesvx_ referenced in function "void __cdecl arma::lapack::gesvx<double>(char *,char *,int *,int *,double *,int *,double *,int *,int *,char *,double *,double *,double *,int *,double *,int *,double *,double *,double *,double *,int *,int *)" (??$gesvx@N@lapack@arma@@YAXPAD0PAH1PAN12110222121222211@Z)
main.obj : error LNK2019: unresolved external symbol _dgesvx_ referenced in function "void __cdecl arma::lapack::gesvx<double>(char *,char *,int *,int *,double *,int *,double *,int *,int *,char *,double *,double *,double *,int *,double *,int *,double *,double *,double *,double *,int *,int *)" (??$gesvx@N@lapack@arma@@YAXPAD0PAH1PAN12110222121222211@Z)
main.obj : error LNK2019: unresolved external symbol _sposv_ referenced in function "void __cdecl arma::lapack::posv<double>(char *,int *,int *,double *,int *,double *,int *,int *)" (??$posv@N@lapack@arma@@YAXPADPAH1PAN1211@Z)
main.obj : error LNK2019: unresolved external symbol _dposv_ referenced in function "void __cdecl arma::lapack::posv<double>(char *,int *,int *,double *,int *,double *,int *,int *)" (??$posv@N@lapack@arma@@YAXPADPAH1PAN1211@Z)
main.obj : error LNK2019: unresolved external symbol _cposv_ referenced in function "void __cdecl arma::lapack::posv<double>(char *,int *,int *,double *,int *,double *,int *,int *)" (??$posv@N@lapack@arma@@YAXPADPAH1PAN1211@Z)
main.obj : error LNK2019: unresolved external symbol _zposv_ referenced in function "void __cdecl arma::lapack::posv<double>(char *,int *,int *,double *,int *,double *,int *,int *)" (??$posv@N@lapack@arma@@YAXPADPAH1PAN1211@Z)
main.obj : error LNK2019: unresolved external symbol _sposvx_ referenced in function "void __cdecl arma::lapack::posvx<double>(char *,char *,int *,int *,double *,int *,double *,int *,char *,double *,double *,int *,double *,int *,double *,double *,double *,double *,int *,int *)" (??$posvx@N@lapack@arma@@YAXPAD0PAH1PAN121022121222211@Z)
main.obj : error LNK2019: unresolved external symbol _dposvx_ referenced in function "void __cdecl arma::lapack::posvx<double>(char *,char *,int *,int *,double *,int *,double *,int *,char *,double *,double *,int *,double *,int *,double *,double *,double *,double *,int *,int *)" (??$posvx@N@lapack@arma@@YAXPAD0PAH1PAN121022121222211@Z)
main.obj : error LNK2019: unresolved external symbol _sgels_ referenced in function "void __cdecl arma::lapack::gels<double>(char *,int *,int *,int *,double *,int *,double *,int *,double *,int *,int *)" (??$gels@N@lapack@arma@@YAXPADPAH11PAN121211@Z)
main.obj : error LNK2019: unresolved external symbol _dgels_ referenced in function "void __cdecl arma::lapack::gels<double>(char *,int *,int *,int *,double *,int *,double *,int *,double *,int *,int *)" (??$gels@N@lapack@arma@@YAXPADPAH11PAN121211@Z)
main.obj : error LNK2019: unresolved external symbol _cgels_ referenced in function "void __cdecl arma::lapack::gels<double>(char *,int *,int *,int *,double *,int *,double *,int *,double *,int *,int *)" (??$gels@N@lapack@arma@@YAXPADPAH11PAN121211@Z)
main.obj : error LNK2019: unresolved external symbol _zgels_ referenced in function "void __cdecl arma::lapack::gels<double>(char *,int *,int *,int *,double *,int *,double *,int *,double *,int *,int *)" (??$gels@N@lapack@arma@@YAXPADPAH11PAN121211@Z)
main.obj : error LNK2019: unresolved external symbol _sgelsd_ referenced in function "void __cdecl arma::lapack::gelsd<double>(int *,int *,int *,double *,int *,double *,int *,double *,double *,int *,double *,int *,int *,int *)" (??$gelsd@N@lapack@arma@@YAXPAH00PAN0101101000@Z)
main.obj : error LNK2019: unresolved external symbol _dgelsd_ referenced in function "void __cdecl arma::lapack::gelsd<double>(int *,int *,int *,double *,int *,double *,int *,double *,double *,int *,double *,int *,int *,int *)" (??$gelsd@N@lapack@arma@@YAXPAH00PAN0101101000@Z)
main.obj : error LNK2019: unresolved external symbol _sgbsv_ referenced in function "void __cdecl arma::lapack::gbsv<double>(int *,int *,int *,int *,double *,int *,int *,double *,int *,int *)" (??$gbsv@N@lapack@arma@@YAXPAH000PAN00100@Z)
main.obj : error LNK2019: unresolved external symbol _dgbsv_ referenced in function "void __cdecl arma::lapack::gbsv<double>(int *,int *,int *,int *,double *,int *,int *,double *,int *,int *)" (??$gbsv@N@lapack@arma@@YAXPAH000PAN00100@Z)
main.obj : error LNK2019: unresolved external symbol _cgbsv_ referenced in function "void __cdecl arma::lapack::gbsv<double>(int *,int *,int *,int *,double *,int *,int *,double *,int *,int *)" (??$gbsv@N@lapack@arma@@YAXPAH000PAN00100@Z)
main.obj : error LNK2019: unresolved external symbol _zgbsv_ referenced in function "void __cdecl arma::lapack::gbsv<double>(int *,int *,int *,int *,double *,int *,int *,double *,int *,int *)" (??$gbsv@N@lapack@arma@@YAXPAH000PAN00100@Z)
main.obj : error LNK2019: unresolved external symbol _sgbsvx_ referenced in function "void __cdecl arma::lapack::gbsvx<double>(char *,char *,int *,int *,int *,int *,double *,int *,double *,int *,int *,char *,double *,double *,double *,int *,double *,int *,double *,double *,double *,double *,int *,int *)" (??$gbsvx@N@lapack@arma@@YAXPAD0PAH111PAN12110222121222211@Z)
main.obj : error LNK2019: unresolved external symbol _dgbsvx_ referenced in function "void __cdecl arma::lapack::gbsvx<double>(char *,char *,int *,int *,int *,int *,double *,int *,double *,int *,int *,char *,double *,double *,double *,int *,double *,int *,double *,double *,double *,double *,int *,int *)" (??$gbsvx@N@lapack@arma@@YAXPAD0PAH111PAN12110222121222211@Z)
main.obj : error LNK2019: unresolved external symbol _sgtsv_ referenced in function "void __cdecl arma::lapack::gtsv<double>(int *,int *,double *,double *,double *,double *,int *,int *)" (??$gtsv@N@lapack@arma@@YAXPAH0PAN11100@Z)
main.obj : error LNK2019: unresolved external symbol _dgtsv_ referenced in function "void __cdecl arma::lapack::gtsv<double>(int *,int *,double *,double *,double *,double *,int *,int *)" (??$gtsv@N@lapack@arma@@YAXPAH0PAN11100@Z)
main.obj : error LNK2019: unresolved external symbol _cgtsv_ referenced in function "void __cdecl arma::lapack::gtsv<double>(int *,int *,double *,double *,double *,double *,int *,int *)" (??$gtsv@N@lapack@arma@@YAXPAH0PAN11100@Z)
main.obj : error LNK2019: unresolved external symbol _zgtsv_ referenced in function "void __cdecl arma::lapack::gtsv<double>(int *,int *,double *,double *,double *,double *,int *,int *)" (??$gtsv@N@lapack@arma@@YAXPAH0PAN11100@Z)
main.obj : error LNK2019: unresolved external symbol _sgtsvx_ referenced in function "void __cdecl arma::lapack::gtsvx<double>(char *,char *,int *,int *,double *,double *,double *,double *,double *,double *,double *,int *,double *,int *,double *,int *,double *,double *,double *,double *,int *,int *)" (??$gtsvx@N@lapack@arma@@YAXPAD0PAH1PAN22222212121222211@Z)
main.obj : error LNK2019: unresolved external symbol _dgtsvx_ referenced in function "void __cdecl arma::lapack::gtsvx<double>(char *,char *,int *,int *,double *,double *,double *,double *,double *,double *,double *,int *,double *,int *,double *,int *,double *,double *,double *,double *,int *,int *)" (??$gtsvx@N@lapack@arma@@YAXPAD0PAH1PAN22222212121222211@Z)
main.obj : error LNK2019: unresolved external symbol _ilaenv_ referenced in function "int __cdecl arma::lapack::laenv(int *,char *,char *,int *,int *,int *,int *)" (?laenv@lapack@arma@@YAHPAHPAD10000@Z)
C:\Users\User\Documents\GitHub\Hit_C\Hit\Debug\Hit.exe : fatal error LNK1120: 49 unresolved externals
